Analysis & Synthesis report for DataOut_v1
Thu Nov 15 03:54:33 2018
Quartus II 64-Bit Version 13.0.1 Build 232 06/12/2013 Service Pack 1 SJ Web Edition


---------------------
; Table of Contents ;
---------------------
  1. Legal Notice
  2. Analysis & Synthesis Summary
  3. Analysis & Synthesis Settings
  4. Parallel Compilation
  5. Analysis & Synthesis Source Files Read
  6. Analysis & Synthesis Resource Usage Summary
  7. Analysis & Synthesis Resource Utilization by Entity
  8. User-Specified and Inferred Latches
  9. General Register Statistics
 10. Parameter Settings for User Entity Instance: Top-level Entity: |DataOut_v1
 11. Parameter Settings for Inferred Entity Instance: lpm_divide:Mod0
 12. Parameter Settings for Inferred Entity Instance: lpm_divide:Div0
 13. Elapsed Time Per Partition
 14. Analysis & Synthesis Messages



----------------
; Legal Notice ;
----------------
Copyright (C) 1991-2013 Altera Corporation
Your use of Altera Corporation's design tools, logic functions 
and other software and tools, and its AMPP partner logic 
functions, and any output files from any of the foregoing 
(including device programming or simulation files), and any 
associated documentation or information are expressly subject 
to the terms and conditions of the Altera Program License 
Subscription Agreement, Altera MegaCore Function License 
Agreement, or other applicable license agreement, including, 
without limitation, that your use is for the sole purpose of 
programming logic devices manufactured by Altera and sold by 
Altera or its authorized distributors.  Please refer to the 
applicable agreement for further details.



+--------------------------------------------------------------------------------------+
; Analysis & Synthesis Summary                                                         ;
+------------------------------------+-------------------------------------------------+
; Analysis & Synthesis Status        ; Successful - Thu Nov 15 03:54:33 2018           ;
; Quartus II 64-Bit Version          ; 13.0.1 Build 232 06/12/2013 SP 1 SJ Web Edition ;
; Revision Name                      ; DataOut_v1                                      ;
; Top-level Entity Name              ; DataOut_v1                                      ;
; Family                             ; Cyclone II                                      ;
; Total logic elements               ; 493                                             ;
;     Total combinational functions  ; 493                                             ;
;     Dedicated logic registers      ; 0                                               ;
; Total registers                    ; 0                                               ;
; Total pins                         ; 40                                              ;
; Total virtual pins                 ; 0                                               ;
; Total memory bits                  ; 0                                               ;
; Embedded Multiplier 9-bit elements ; 0                                               ;
; Total PLLs                         ; 0                                               ;
+------------------------------------+-------------------------------------------------+


+----------------------------------------------------------------------------------------------------------------------+
; Analysis & Synthesis Settings                                                                                        ;
+----------------------------------------------------------------------------+--------------------+--------------------+
; Option                                                                     ; Setting            ; Default Value      ;
+----------------------------------------------------------------------------+--------------------+--------------------+
; Device                                                                     ; EP2C20F484C7       ;                    ;
; Top-level entity name                                                      ; DataOut_v1         ; DataOut_v1         ;
; Family name                                                                ; Cyclone II         ; Cyclone IV GX      ;
; Use smart compilation                                                      ; Off                ; Off                ;
; Enable parallel Assembler and TimeQuest Timing Analyzer during compilation ; On                 ; On                 ;
; Enable compact report table                                                ; Off                ; Off                ;
; Restructure Multiplexers                                                   ; Auto               ; Auto               ;
; Create Debugging Nodes for IP Cores                                        ; Off                ; Off                ;
; Preserve fewer node names                                                  ; On                 ; On                 ;
; Disable OpenCore Plus hardware evaluation                                  ; Off                ; Off                ;
; Verilog Version                                                            ; Verilog_2001       ; Verilog_2001       ;
; VHDL Version                                                               ; VHDL_1993          ; VHDL_1993          ;
; State Machine Processing                                                   ; Auto               ; Auto               ;
; Safe State Machine                                                         ; Off                ; Off                ;
; Extract Verilog State Machines                                             ; On                 ; On                 ;
; Extract VHDL State Machines                                                ; On                 ; On                 ;
; Ignore Verilog initial constructs                                          ; Off                ; Off                ;
; Iteration limit for constant Verilog loops                                 ; 5000               ; 5000               ;
; Iteration limit for non-constant Verilog loops                             ; 250                ; 250                ;
; Add Pass-Through Logic to Inferred RAMs                                    ; On                 ; On                 ;
; Infer RAMs from Raw Logic                                                  ; On                 ; On                 ;
; Parallel Synthesis                                                         ; On                 ; On                 ;
; DSP Block Balancing                                                        ; Auto               ; Auto               ;
; NOT Gate Push-Back                                                         ; On                 ; On                 ;
; Power-Up Don't Care                                                        ; On                 ; On                 ;
; Remove Redundant Logic Cells                                               ; Off                ; Off                ;
; Remove Duplicate Registers                                                 ; On                 ; On                 ;
; Ignore CARRY Buffers                                                       ; Off                ; Off                ;
; Ignore CASCADE Buffers                                                     ; Off                ; Off                ;
; Ignore GLOBAL Buffers                                                      ; Off                ; Off                ;
; Ignore ROW GLOBAL Buffers                                                  ; Off                ; Off                ;
; Ignore LCELL Buffers                                                       ; Off                ; Off                ;
; Ignore SOFT Buffers                                                        ; On                 ; On                 ;
; Limit AHDL Integers to 32 Bits                                             ; Off                ; Off                ;
; Optimization Technique                                                     ; Balanced           ; Balanced           ;
; Carry Chain Length                                                         ; 70                 ; 70                 ;
; Auto Carry Chains                                                          ; On                 ; On                 ;
; Auto Open-Drain Pins                                                       ; On                 ; On                 ;
; Perform WYSIWYG Primitive Resynthesis                                      ; Off                ; Off                ;
; Auto ROM Replacement                                                       ; On                 ; On                 ;
; Auto RAM Replacement                                                       ; On                 ; On                 ;
; Auto Shift Register Replacement                                            ; Auto               ; Auto               ;
; Allow Shift Register Merging across Hierarchies                            ; Auto               ; Auto               ;
; Auto Clock Enable Replacement                                              ; On                 ; On                 ;
; Strict RAM Replacement                                                     ; Off                ; Off                ;
; Allow Synchronous Control Signals                                          ; On                 ; On                 ;
; Force Use of Synchronous Clear Signals                                     ; Off                ; Off                ;
; Auto RAM to Logic Cell Conversion                                          ; Off                ; Off                ;
; Auto Resource Sharing                                                      ; Off                ; Off                ;
; Allow Any RAM Size For Recognition                                         ; Off                ; Off                ;
; Allow Any ROM Size For Recognition                                         ; Off                ; Off                ;
; Allow Any Shift Register Size For Recognition                              ; Off                ; Off                ;
; Use LogicLock Constraints during Resource Balancing                        ; On                 ; On                 ;
; Ignore translate_off and synthesis_off directives                          ; Off                ; Off                ;
; Timing-Driven Synthesis                                                    ; Off                ; Off                ;
; Report Parameter Settings                                                  ; On                 ; On                 ;
; Report Source Assignments                                                  ; On                 ; On                 ;
; Report Connectivity Checks                                                 ; On                 ; On                 ;
; Ignore Maximum Fan-Out Assignments                                         ; Off                ; Off                ;
; Synchronization Register Chain Length                                      ; 2                  ; 2                  ;
; PowerPlay Power Optimization                                               ; Normal compilation ; Normal compilation ;
; HDL message level                                                          ; Level2             ; Level2             ;
; Suppress Register Optimization Related Messages                            ; Off                ; Off                ;
; Number of Removed Registers Reported in Synthesis Report                   ; 5000               ; 5000               ;
; Number of Swept Nodes Reported in Synthesis Report                         ; 5000               ; 5000               ;
; Number of Inverted Registers Reported in Synthesis Report                  ; 100                ; 100                ;
; Clock MUX Protection                                                       ; On                 ; On                 ;
; Auto Gated Clock Conversion                                                ; Off                ; Off                ;
; Block Design Naming                                                        ; Auto               ; Auto               ;
; SDC constraint protection                                                  ; Off                ; Off                ;
; Synthesis Effort                                                           ; Auto               ; Auto               ;
; Shift Register Replacement - Allow Asynchronous Clear Signal               ; On                 ; On                 ;
; Pre-Mapping Resynthesis Optimization                                       ; Off                ; Off                ;
; Analysis & Synthesis Message Level                                         ; Medium             ; Medium             ;
; Disable Register Merging Across Hierarchies                                ; Auto               ; Auto               ;
; Resource Aware Inference For Block RAM                                     ; On                 ; On                 ;
; Synthesis Seed                                                             ; 1                  ; 1                  ;
+----------------------------------------------------------------------------+--------------------+--------------------+


Parallel compilation was disabled, but you have multiple processors available. Enable parallel compilation to reduce compilation time.
+-------------------------------------+
; Parallel Compilation                ;
+----------------------------+--------+
; Processors                 ; Number ;
+----------------------------+--------+
; Number detected on machine ; 4      ;
; Maximum allowed            ; 1      ;
+----------------------------+--------+


+---------------------------------------------------------------------------------------------------------------------------------------------------------------------+
; Analysis & Synthesis Source Files Read                                                                                                                              ;
+----------------------------------+-----------------+------------------------------+-----------------------------------------------------------------------+---------+
; File Name with User-Entered Path ; Used in Netlist ; File Type                    ; File Name with Absolute Path                                          ; Library ;
+----------------------------------+-----------------+------------------------------+-----------------------------------------------------------------------+---------+
; DataOut_v1.vhd                   ; yes             ; User VHDL File               ; C:/VHDL_Project/DataOut_v1/DataOut_v1.vhd                             ;         ;
; lpm_divide.tdf                   ; yes             ; Megafunction                 ; c:/altera/13.0sp1/quartus/libraries/megafunctions/lpm_divide.tdf      ;         ;
; abs_divider.inc                  ; yes             ; Megafunction                 ; c:/altera/13.0sp1/quartus/libraries/megafunctions/abs_divider.inc     ;         ;
; sign_div_unsign.inc              ; yes             ; Megafunction                 ; c:/altera/13.0sp1/quartus/libraries/megafunctions/sign_div_unsign.inc ;         ;
; aglobal130.inc                   ; yes             ; Megafunction                 ; c:/altera/13.0sp1/quartus/libraries/megafunctions/aglobal130.inc      ;         ;
; db/lpm_divide_qlo.tdf            ; yes             ; Auto-Generated Megafunction  ; C:/VHDL_Project/DataOut_v1/db/lpm_divide_qlo.tdf                      ;         ;
; db/abs_divider_4dg.tdf           ; yes             ; Auto-Generated Megafunction  ; C:/VHDL_Project/DataOut_v1/db/abs_divider_4dg.tdf                     ;         ;
; db/alt_u_div_k5f.tdf             ; yes             ; Auto-Generated Megafunction  ; C:/VHDL_Project/DataOut_v1/db/alt_u_div_k5f.tdf                       ;         ;
; db/add_sub_lkc.tdf               ; yes             ; Auto-Generated Megafunction  ; C:/VHDL_Project/DataOut_v1/db/add_sub_lkc.tdf                         ;         ;
; db/add_sub_mkc.tdf               ; yes             ; Auto-Generated Megafunction  ; C:/VHDL_Project/DataOut_v1/db/add_sub_mkc.tdf                         ;         ;
; db/lpm_abs_0s9.tdf               ; yes             ; Auto-Generated Megafunction  ; C:/VHDL_Project/DataOut_v1/db/lpm_abs_0s9.tdf                         ;         ;
; db/lpm_divide_7so.tdf            ; yes             ; Auto-Generated Megafunction  ; C:/VHDL_Project/DataOut_v1/db/lpm_divide_7so.tdf                      ;         ;
; db/abs_divider_kbg.tdf           ; yes             ; Auto-Generated Megafunction  ; C:/VHDL_Project/DataOut_v1/db/abs_divider_kbg.tdf                     ;         ;
; db/alt_u_div_k2f.tdf             ; yes             ; Auto-Generated Megafunction  ; C:/VHDL_Project/DataOut_v1/db/alt_u_div_k2f.tdf                       ;         ;
; db/lpm_abs_gq9.tdf               ; yes             ; Auto-Generated Megafunction  ; C:/VHDL_Project/DataOut_v1/db/lpm_abs_gq9.tdf                         ;         ;
+----------------------------------+-----------------+------------------------------+-----------------------------------------------------------------------+---------+


+------------------------------------------------------------------------------------------------------------------------------------------------------------------------+
; Analysis & Synthesis Resource Usage Summary                                                                                                                            ;
+---------------------------------------------+--------------------------------------------------------------------------------------------------------------------------+
; Resource                                    ; Usage                                                                                                                    ;
+---------------------------------------------+--------------------------------------------------------------------------------------------------------------------------+
; Estimated Total logic elements              ; 493                                                                                                                      ;
;                                             ;                                                                                                                          ;
; Total combinational functions               ; 493                                                                                                                      ;
; Logic element usage by number of LUT inputs ;                                                                                                                          ;
;     -- 4 input functions                    ; 108                                                                                                                      ;
;     -- 3 input functions                    ; 176                                                                                                                      ;
;     -- <=2 input functions                  ; 209                                                                                                                      ;
;                                             ;                                                                                                                          ;
; Logic elements by mode                      ;                                                                                                                          ;
;     -- normal mode                          ; 293                                                                                                                      ;
;     -- arithmetic mode                      ; 200                                                                                                                      ;
;                                             ;                                                                                                                          ;
; Total registers                             ; 0                                                                                                                        ;
;     -- Dedicated logic registers            ; 0                                                                                                                        ;
;     -- I/O registers                        ; 0                                                                                                                        ;
;                                             ;                                                                                                                          ;
; I/O pins                                    ; 40                                                                                                                       ;
; Embedded Multiplier 9-bit elements          ; 0                                                                                                                        ;
; Maximum fan-out node                        ; lpm_divide:Mod0|lpm_divide_qlo:auto_generated|abs_divider_4dg:divider|alt_u_div_k5f:divider|add_sub_29_result_int[30]~58 ;
; Maximum fan-out                             ; 89                                                                                                                       ;
; Total fan-out                               ; 1344                                                                                                                     ;
; Average fan-out                             ; 2.52                                                                                                                     ;
+---------------------------------------------+--------------------------------------------------------------------------------------------------------------------------+


+----------------------------------------------------------------------------------------------------------------------------------------------------------------------------------------------------------------------------------------------------------------------------+
; Analysis & Synthesis Resource Utilization by Entity                                                                                                                                                                                                                        ;
+---------------------------------------+-------------------+--------------+-------------+--------------+---------+-----------+------+--------------+---------------------------------------------------------------------------------------------------------+--------------+
; Compilation Hierarchy Node            ; LC Combinationals ; LC Registers ; Memory Bits ; DSP Elements ; DSP 9x9 ; DSP 18x18 ; Pins ; Virtual Pins ; Full Hierarchy Name                                                                                     ; Library Name ;
+---------------------------------------+-------------------+--------------+-------------+--------------+---------+-----------+------+--------------+---------------------------------------------------------------------------------------------------------+--------------+
; |DataOut_v1                           ; 493 (51)          ; 0 (0)        ; 0           ; 0            ; 0       ; 0         ; 40   ; 0            ; |DataOut_v1                                                                                             ; work         ;
;    |lpm_divide:Div0|                  ; 69 (0)            ; 0 (0)        ; 0           ; 0            ; 0       ; 0         ; 0    ; 0            ; |DataOut_v1|lpm_divide:Div0                                                                             ; work         ;
;       |lpm_divide_7so:auto_generated| ; 69 (0)            ; 0 (0)        ; 0           ; 0            ; 0       ; 0         ; 0    ; 0            ; |DataOut_v1|lpm_divide:Div0|lpm_divide_7so:auto_generated                                               ; work         ;
;          |abs_divider_kbg:divider|    ; 69 (0)            ; 0 (0)        ; 0           ; 0            ; 0       ; 0         ; 0    ; 0            ; |DataOut_v1|lpm_divide:Div0|lpm_divide_7so:auto_generated|abs_divider_kbg:divider                       ; work         ;
;             |alt_u_div_k2f:divider|   ; 69 (69)           ; 0 (0)        ; 0           ; 0            ; 0       ; 0         ; 0    ; 0            ; |DataOut_v1|lpm_divide:Div0|lpm_divide_7so:auto_generated|abs_divider_kbg:divider|alt_u_div_k2f:divider ; work         ;
;    |lpm_divide:Mod0|                  ; 373 (0)           ; 0 (0)        ; 0           ; 0            ; 0       ; 0         ; 0    ; 0            ; |DataOut_v1|lpm_divide:Mod0                                                                             ; work         ;
;       |lpm_divide_qlo:auto_generated| ; 373 (0)           ; 0 (0)        ; 0           ; 0            ; 0       ; 0         ; 0    ; 0            ; |DataOut_v1|lpm_divide:Mod0|lpm_divide_qlo:auto_generated                                               ; work         ;
;          |abs_divider_4dg:divider|    ; 373 (0)           ; 0 (0)        ; 0           ; 0            ; 0       ; 0         ; 0    ; 0            ; |DataOut_v1|lpm_divide:Mod0|lpm_divide_qlo:auto_generated|abs_divider_4dg:divider                       ; work         ;
;             |alt_u_div_k5f:divider|   ; 373 (373)         ; 0 (0)        ; 0           ; 0            ; 0       ; 0         ; 0    ; 0            ; |DataOut_v1|lpm_divide:Mod0|lpm_divide_qlo:auto_generated|abs_divider_4dg:divider|alt_u_div_k5f:divider ; work         ;
+---------------------------------------+-------------------+--------------+-------------+--------------+---------+-----------+------+--------------+---------------------------------------------------------------------------------------------------------+--------------+
Note: For table entries with two numbers listed, the numbers in parentheses indicate the number of resources of the given type used by the specific entity alone. The numbers listed outside of parentheses indicate the total resources of the given type used by the specific entity and all of its sub-entities in the hierarchy.


+----------------------------------------------------------------------------------------------------+
; User-Specified and Inferred Latches                                                                ;
+-----------------------------------------------------+---------------------+------------------------+
; Latch Name                                          ; Latch Enable Signal ; Free of Timing Hazards ;
+-----------------------------------------------------+---------------------+------------------------+
; out1[0]$latch                                       ; LessThan0           ; yes                    ;
; out1[1]$latch                                       ; LessThan0           ; yes                    ;
; out1[2]$latch                                       ; LessThan0           ; yes                    ;
; out1[3]$latch                                       ; LessThan0           ; yes                    ;
; out1[4]$latch                                       ; LessThan0           ; yes                    ;
; tmp4[0]                                             ; LessThan0           ; yes                    ;
; tmp4[1]                                             ; LessThan0           ; yes                    ;
; tmp4[2]                                             ; LessThan0           ; yes                    ;
; tmp4[3]                                             ; LessThan0           ; yes                    ;
; tmp4[4]                                             ; LessThan0           ; yes                    ;
; Number of user-specified and inferred latches = 10  ;                     ;                        ;
+-----------------------------------------------------+---------------------+------------------------+
Note: All latches listed above may not be present at the end of synthesis due to various synthesis optimizations.


+------------------------------------------------------+
; General Register Statistics                          ;
+----------------------------------------------+-------+
; Statistic                                    ; Value ;
+----------------------------------------------+-------+
; Total registers                              ; 0     ;
; Number of registers using Synchronous Clear  ; 0     ;
; Number of registers using Synchronous Load   ; 0     ;
; Number of registers using Asynchronous Clear ; 0     ;
; Number of registers using Asynchronous Load  ; 0     ;
; Number of registers using Clock Enable       ; 0     ;
; Number of registers using Preset             ; 0     ;
+----------------------------------------------+-------+


+----------------------------------------------------------------------------+
; Parameter Settings for User Entity Instance: Top-level Entity: |DataOut_v1 ;
+----------------+-------+---------------------------------------------------+
; Parameter Name ; Value ; Type                                              ;
+----------------+-------+---------------------------------------------------+
; NdataOut       ; 8     ; Signed Integer                                    ;
+----------------+-------+---------------------------------------------------+
Note: In order to hide this table in the UI and the text report file, please set the "Show Parameter Settings in Synthesis Report" option in "Analysis and Synthesis Settings -> More Settings" to "Off".


+------------------------------------------------------------------+
; Parameter Settings for Inferred Entity Instance: lpm_divide:Mod0 ;
+------------------------+----------------+------------------------+
; Parameter Name         ; Value          ; Type                   ;
+------------------------+----------------+------------------------+
; LPM_WIDTHN             ; 32             ; Untyped                ;
; LPM_WIDTHD             ; 32             ; Untyped                ;
; LPM_NREPRESENTATION    ; SIGNED         ; Untyped                ;
; LPM_DREPRESENTATION    ; SIGNED         ; Untyped                ;
; LPM_PIPELINE           ; 0              ; Untyped                ;
; LPM_REMAINDERPOSITIVE  ; FALSE          ; Untyped                ;
; MAXIMIZE_SPEED         ; 5              ; Untyped                ;
; CBXI_PARAMETER         ; lpm_divide_qlo ; Untyped                ;
; CARRY_CHAIN            ; MANUAL         ; Untyped                ;
; OPTIMIZE_FOR_SPEED     ; 5              ; Untyped                ;
; AUTO_CARRY_CHAINS      ; ON             ; AUTO_CARRY             ;
; IGNORE_CARRY_BUFFERS   ; OFF            ; IGNORE_CARRY           ;
; AUTO_CASCADE_CHAINS    ; ON             ; AUTO_CASCADE           ;
; IGNORE_CASCADE_BUFFERS ; OFF            ; IGNORE_CASCADE         ;
+------------------------+----------------+------------------------+
Note: In order to hide this table in the UI and the text report file, please set the "Show Parameter Settings in Synthesis Report" option in "Analysis and Synthesis Settings -> More Settings" to "Off".


+------------------------------------------------------------------+
; Parameter Settings for Inferred Entity Instance: lpm_divide:Div0 ;
+------------------------+----------------+------------------------+
; Parameter Name         ; Value          ; Type                   ;
+------------------------+----------------+------------------------+
; LPM_WIDTHN             ; 32             ; Untyped                ;
; LPM_WIDTHD             ; 5              ; Untyped                ;
; LPM_NREPRESENTATION    ; SIGNED         ; Untyped                ;
; LPM_DREPRESENTATION    ; SIGNED         ; Untyped                ;
; LPM_PIPELINE           ; 0              ; Untyped                ;
; LPM_REMAINDERPOSITIVE  ; FALSE          ; Untyped                ;
; MAXIMIZE_SPEED         ; 5              ; Untyped                ;
; CBXI_PARAMETER         ; lpm_divide_7so ; Untyped                ;
; CARRY_CHAIN            ; MANUAL         ; Untyped                ;
; OPTIMIZE_FOR_SPEED     ; 5              ; Untyped                ;
; AUTO_CARRY_CHAINS      ; ON             ; AUTO_CARRY             ;
; IGNORE_CARRY_BUFFERS   ; OFF            ; IGNORE_CARRY           ;
; AUTO_CASCADE_CHAINS    ; ON             ; AUTO_CASCADE           ;
; IGNORE_CASCADE_BUFFERS ; OFF            ; IGNORE_CASCADE         ;
+------------------------+----------------+------------------------+
Note: In order to hide this table in the UI and the text report file, please set the "Show Parameter Settings in Synthesis Report" option in "Analysis and Synthesis Settings -> More Settings" to "Off".


+-------------------------------+
; Elapsed Time Per Partition    ;
+----------------+--------------+
; Partition Name ; Elapsed Time ;
+----------------+--------------+
; Top            ; 00:00:02     ;
+----------------+--------------+


+-------------------------------+
; Analysis & Synthesis Messages ;
+-------------------------------+
Info: *******************************************************************
Info: Running Quartus II 64-Bit Analysis & Synthesis
    Info: Version 13.0.1 Build 232 06/12/2013 Service Pack 1 SJ Web Edition
    Info: Processing started: Thu Nov 15 03:54:27 2018
Info: Command: quartus_map --read_settings_files=on --write_settings_files=off DataOut_v1 -c DataOut_v1
Warning (20028): Parallel compilation is not licensed and has been disabled
Info (12021): Found 2 design units, including 1 entities, in source file dataout_v1.vhd
    Info (12022): Found design unit 1: DataOut_v1-DataOut_arc_v1
    Info (12023): Found entity 1: DataOut_v1
Info (12127): Elaborating entity "DataOut_v1" for the top level hierarchy
Warning (10541): VHDL Signal Declaration warning at DataOut_v1.vhd(25): used implicit default value for signal "out3" because signal was never assigned a value or an explicit default value. Use of implicit default value may introduce unintended design optimizations.
Warning (10541): VHDL Signal Declaration warning at DataOut_v1.vhd(26): used implicit default value for signal "out4" because signal was never assigned a value or an explicit default value. Use of implicit default value may introduce unintended design optimizations.
Warning (10540): VHDL Signal Declaration warning at DataOut_v1.vhd(31): used explicit default value for signal "diez" because signal was never assigned a value
Warning (10492): VHDL Process Statement warning at DataOut_v1.vhd(40): signal "tmp" is read inside the Process Statement but isn't in the Process Statement's sensitivity list
Warning (10492): VHDL Process Statement warning at DataOut_v1.vhd(40): signal "diez" is read inside the Process Statement but isn't in the Process Statement's sensitivity list
Warning (10492): VHDL Process Statement warning at DataOut_v1.vhd(41): signal "tmp" is read inside the Process Statement but isn't in the Process Statement's sensitivity list
Warning (10492): VHDL Process Statement warning at DataOut_v1.vhd(41): signal "tmp2" is read inside the Process Statement but isn't in the Process Statement's sensitivity list
Warning (10492): VHDL Process Statement warning at DataOut_v1.vhd(42): signal "tmp2" is read inside the Process Statement but isn't in the Process Statement's sensitivity list
Warning (10492): VHDL Process Statement warning at DataOut_v1.vhd(43): signal "tmp3" is read inside the Process Statement but isn't in the Process Statement's sensitivity list
Warning (10492): VHDL Process Statement warning at DataOut_v1.vhd(43): signal "diez" is read inside the Process Statement but isn't in the Process Statement's sensitivity list
Warning (10492): VHDL Process Statement warning at DataOut_v1.vhd(44): signal "tmp" is read inside the Process Statement but isn't in the Process Statement's sensitivity list
Warning (10492): VHDL Process Statement warning at DataOut_v1.vhd(44): signal "diez" is read inside the Process Statement but isn't in the Process Statement's sensitivity list
Warning (10492): VHDL Process Statement warning at DataOut_v1.vhd(45): signal "tmp4" is read inside the Process Statement but isn't in the Process Statement's sensitivity list
Warning (10631): VHDL Process Statement warning at DataOut_v1.vhd(37): inferring latch(es) for signal or variable "tmp4", which holds its previous value in one or more paths through the process
Warning (10631): VHDL Process Statement warning at DataOut_v1.vhd(37): inferring latch(es) for signal or variable "out1", which holds its previous value in one or more paths through the process
Info (10041): Inferred latch for "out1[0]" at DataOut_v1.vhd(37)
Info (10041): Inferred latch for "out1[1]" at DataOut_v1.vhd(37)
Info (10041): Inferred latch for "out1[2]" at DataOut_v1.vhd(37)
Info (10041): Inferred latch for "out1[3]" at DataOut_v1.vhd(37)
Info (10041): Inferred latch for "out1[4]" at DataOut_v1.vhd(37)
Info (10041): Inferred latch for "out1[5]" at DataOut_v1.vhd(37)
Info (10041): Inferred latch for "out1[6]" at DataOut_v1.vhd(37)
Info (10041): Inferred latch for "out1[7]" at DataOut_v1.vhd(37)
Info (10041): Inferred latch for "tmp4[0]" at DataOut_v1.vhd(37)
Info (10041): Inferred latch for "tmp4[1]" at DataOut_v1.vhd(37)
Info (10041): Inferred latch for "tmp4[2]" at DataOut_v1.vhd(37)
Info (10041): Inferred latch for "tmp4[3]" at DataOut_v1.vhd(37)
Info (10041): Inferred latch for "tmp4[4]" at DataOut_v1.vhd(37)
Info (10041): Inferred latch for "tmp4[5]" at DataOut_v1.vhd(37)
Info (10041): Inferred latch for "tmp4[6]" at DataOut_v1.vhd(37)
Info (10041): Inferred latch for "tmp4[7]" at DataOut_v1.vhd(37)
Info (278001): Inferred 2 megafunctions from design logic
    Info (278004): Inferred divider/modulo megafunction ("lpm_divide") from the following logic: "Mod0"
    Info (278004): Inferred divider/modulo megafunction ("lpm_divide") from the following logic: "Div0"
Info (12130): Elaborated megafunction instantiation "lpm_divide:Mod0"
Info (12133): Instantiated megafunction "lpm_divide:Mod0" with the following parameter:
    Info (12134): Parameter "LPM_WIDTHN" = "32"
    Info (12134): Parameter "LPM_WIDTHD" = "32"
    Info (12134): Parameter "LPM_NREPRESENTATION" = "SIGNED"
    Info (12134): Parameter "LPM_DREPRESENTATION" = "SIGNED"
    Info (12134): Parameter "LPM_HINT" = "LPM_REMAINDERPOSITIVE=FALSE"
Info (12021): Found 1 design units, including 1 entities, in source file db/lpm_divide_qlo.tdf
    Info (12023): Found entity 1: lpm_divide_qlo
Info (12021): Found 1 design units, including 1 entities, in source file db/abs_divider_4dg.tdf
    Info (12023): Found entity 1: abs_divider_4dg
Info (12021): Found 1 design units, including 1 entities, in source file db/alt_u_div_k5f.tdf
    Info (12023): Found entity 1: alt_u_div_k5f
Info (12021): Found 1 design units, including 1 entities, in source file db/add_sub_lkc.tdf
    Info (12023): Found entity 1: add_sub_lkc
Info (12021): Found 1 design units, including 1 entities, in source file db/add_sub_mkc.tdf
    Info (12023): Found entity 1: add_sub_mkc
Info (12021): Found 1 design units, including 1 entities, in source file db/lpm_abs_0s9.tdf
    Info (12023): Found entity 1: lpm_abs_0s9
Info (12130): Elaborated megafunction instantiation "lpm_divide:Div0"
Info (12133): Instantiated megafunction "lpm_divide:Div0" with the following parameter:
    Info (12134): Parameter "LPM_WIDTHN" = "32"
    Info (12134): Parameter "LPM_WIDTHD" = "5"
    Info (12134): Parameter "LPM_NREPRESENTATION" = "SIGNED"
    Info (12134): Parameter "LPM_DREPRESENTATION" = "SIGNED"
    Info (12134): Parameter "LPM_HINT" = "LPM_REMAINDERPOSITIVE=FALSE"
Info (12021): Found 1 design units, including 1 entities, in source file db/lpm_divide_7so.tdf
    Info (12023): Found entity 1: lpm_divide_7so
Info (12021): Found 1 design units, including 1 entities, in source file db/abs_divider_kbg.tdf
    Info (12023): Found entity 1: abs_divider_kbg
Info (12021): Found 1 design units, including 1 entities, in source file db/alt_u_div_k2f.tdf
    Info (12023): Found entity 1: alt_u_div_k2f
Info (12021): Found 1 design units, including 1 entities, in source file db/lpm_abs_gq9.tdf
    Info (12023): Found entity 1: lpm_abs_gq9
Warning (13024): Output pins are stuck at VCC or GND
    Warning (13410): Pin "out1[5]" is stuck at GND
    Warning (13410): Pin "out1[6]" is stuck at GND
    Warning (13410): Pin "out1[7]" is stuck at GND
    Warning (13410): Pin "out3[0]" is stuck at GND
    Warning (13410): Pin "out3[1]" is stuck at GND
    Warning (13410): Pin "out3[2]" is stuck at GND
    Warning (13410): Pin "out3[3]" is stuck at GND
    Warning (13410): Pin "out3[4]" is stuck at GND
    Warning (13410): Pin "out3[5]" is stuck at GND
    Warning (13410): Pin "out3[6]" is stuck at GND
    Warning (13410): Pin "out3[7]" is stuck at GND
    Warning (13410): Pin "out4[0]" is stuck at GND
    Warning (13410): Pin "out4[1]" is stuck at GND
    Warning (13410): Pin "out4[2]" is stuck at GND
    Warning (13410): Pin "out4[3]" is stuck at GND
    Warning (13410): Pin "out4[4]" is stuck at GND
    Warning (13410): Pin "out4[5]" is stuck at GND
    Warning (13410): Pin "out4[6]" is stuck at GND
    Warning (13410): Pin "out4[7]" is stuck at GND
Info (16010): Generating hard_block partition "hard_block:auto_generated_inst"
    Info (16011): Adding 0 node(s), including 0 DDIO, 0 PLL, 0 transceiver and 0 LCELL
Info (21057): Implemented 533 device resources after synthesis - the final resource count might be different
    Info (21058): Implemented 8 input pins
    Info (21059): Implemented 32 output pins
    Info (21061): Implemented 493 logic cells
Info: Quartus II 64-Bit Analysis & Synthesis was successful. 0 errors, 36 warnings
    Info: Peak virtual memory: 4686 megabytes
    Info: Processing ended: Thu Nov 15 03:54:33 2018
    Info: Elapsed time: 00:00:06
    Info: Total CPU time (on all processors): 00:00:06


